Added Component: Designator=BR?(HDR1X5)
Added Component: Designator=C5(1608[0603])
Added Component: Designator=C?(1608[0603])
Added Component: Designator=C?(1608[0603])
Added Component: Designator=C?(C1206)
Added Component: Designator=J?(GCT_USB4105-GF-A)
Added Component: Designator=P?(HDR1X3)
Added Component: Designator=P?(HDR1X4)
Added Component: Designator=P?(HDR2X4_CEN)
Added Component: Designator=R?(0402)
Added Component: Designator=R?(0402)
Added Component: Designator=R?(0402)
Added Component: Designator=R?(0402)
Added Component: Designator=R?(0402)
Added Component: Designator=R?(14-1210)
Added Component: Designator=R?(14-1210)
Added Component: Designator=R?(J1-0603)
Added Component: Designator=R?(J1-0603)
Added Component: Designator=R?(J1-0603)
Added Component: Designator=R?(J1-0603)
Added Component: Designator=U?(QFN50P700X700X90-49N)
Added Component: Designator=U?(SOT95P285X140-5N)
Added Component: Designator=U?(*SOP65P640X120-29N_DRV8825PWP(Primary))
Added Pin To Net: NetName=+3.3 Pin=R?-2
Added Net: Name=+3.3
Added Pin To Net: NetName=+3.3V Pin=P?-1
Added Pin To Net: NetName=+3.3V Pin=R?-1
Added Net: Name=+3.3V
Added Pin To Net: NetName=3.3V Pin=U?-5
Added Pin To Net: NetName=3.3V Pin=U?-6
Added Pin To Net: NetName=3.3V Pin=U?-17
Added Pin To Net: NetName=3.3V Pin=U?-36
Added Pin To Net: NetName=3.3V Pin=U?-44
Added Net: Name=3.3V
Added Pin To Net: NetName=5V Pin=C?-1
Added Net: Name=5V
Added Pin To Net: NetName=D+ Pin=J?-A6
Added Pin To Net: NetName=D+ Pin=J?-B6
Added Pin To Net: NetName=D+ Pin=U?-34
Added Net: Name=D+
Added Pin To Net: NetName=D- Pin=J?-A7
Added Pin To Net: NetName=D- Pin=J?-B7
Added Pin To Net: NetName=D- Pin=U?-33
Added Net: Name=D-
Added Pin To Net: NetName=GND Pin=BR?-3
Added Pin To Net: NetName=GND Pin=C5-2
Added Pin To Net: NetName=GND Pin=C?-2
Added Pin To Net: NetName=GND Pin=C?-2
Added Pin To Net: NetName=GND Pin=P?-2
Added Pin To Net: NetName=GND Pin=P?-5
Added Pin To Net: NetName=GND Pin=P?-6
Added Pin To Net: NetName=GND Pin=P?-7
Added Pin To Net: NetName=GND Pin=P?-8
Added Pin To Net: NetName=GND Pin=R?-1
Added Pin To Net: NetName=GND Pin=R?-1
Added Pin To Net: NetName=GND Pin=R?-1
Added Pin To Net: NetName=GND Pin=R?-1
Added Pin To Net: NetName=GND Pin=R?-2
Added Pin To Net: NetName=GND Pin=R?-2
Added Pin To Net: NetName=GND Pin=R?-2
Added Pin To Net: NetName=GND Pin=U?-2
Added Pin To Net: NetName=GND Pin=U?-5
Added Pin To Net: NetName=GND Pin=U?-14
Added Pin To Net: NetName=GND Pin=U?-18
Added Pin To Net: NetName=GND Pin=U?-28
Added Pin To Net: NetName=GND Pin=U?-29
Added Pin To Net: NetName=GND Pin=U?-35
Added Pin To Net: NetName=GND Pin=U?-42
Added Pin To Net: NetName=GND Pin=U?-49
Added Pin To Net: NetName=GND Pin=U?-P1
Added Pin To Net: NetName=GND Pin=U?-P2
Added Pin To Net: NetName=GND Pin=U?-P3
Added Pin To Net: NetName=GND Pin=U?-P4
Added Pin To Net: NetName=GND Pin=U?-P5
Added Pin To Net: NetName=GND Pin=U?-P6
Added Pin To Net: NetName=GND Pin=U?-P7
Added Pin To Net: NetName=GND Pin=U?-P8
Added Pin To Net: NetName=GND Pin=U?-P9
Added Pin To Net: NetName=GND Pin=U?-P10
Added Pin To Net: NetName=GND Pin=U?-P11
Added Pin To Net: NetName=GND Pin=U?-P12
Added Pin To Net: NetName=GND Pin=U?-P13
Added Pin To Net: NetName=GND Pin=U?-P14
Added Pin To Net: NetName=GND Pin=U?-P15
Added Pin To Net: NetName=GND Pin=U?-P16
Added Pin To Net: NetName=GND Pin=U?-P17
Added Pin To Net: NetName=GND Pin=U?-P18
Added Pin To Net: NetName=GND Pin=U?-P19
Added Pin To Net: NetName=GND Pin=U?-P20
Added Pin To Net: NetName=GND Pin=U?-P21
Added Pin To Net: NetName=GND Pin=U?-P22
Added Pin To Net: NetName=GND Pin=U?-P23
Added Pin To Net: NetName=GND Pin=U?-P24
Added Net: Name=GND
Added Pin To Net: NetName=M0 Pin=R?-1
Added Pin To Net: NetName=M0 Pin=U?-24
Added Pin To Net: NetName=M0 Pin=U?-25
Added Net: Name=M0
Added Pin To Net: NetName=M1 Pin=R?-2
Added Pin To Net: NetName=M1 Pin=U?-25
Added Pin To Net: NetName=M1 Pin=U?-26
Added Net: Name=M1
Added Pin To Net: NetName=M2 Pin=R?-2
Added Pin To Net: NetName=M2 Pin=U?-12
Added Pin To Net: NetName=M2 Pin=U?-26
Added Net: Name=M2
Added Pin To Net: NetName=NetBR?_5 Pin=BR?-5
Added Net: Name=NetBR?_5
Added Pin To Net: NetName=NetC5_1 Pin=C5-1
Added Pin To Net: NetName=NetC5_1 Pin=U?-15
Added Net: Name=NetC5_1
Added Pin To Net: NetName=NetC?_1 Pin=C?-1
Added Pin To Net: NetName=NetC?_1 Pin=U?-41
Added Net: Name=NetC?_1
Added Net: Name=NetD?_1
Added Pin To Net: NetName=NetD?_2 Pin=R?-2
Added Pin To Net: NetName=NetD?_2 Pin=U?-1
Added Net: Name=NetD?_2
Added Pin To Net: NetName=NetJ?_A5 Pin=J?-A5
Added Pin To Net: NetName=NetJ?_A5 Pin=R?-2
Added Net: Name=NetJ?_A5
Added Pin To Net: NetName=NetJ?_B5 Pin=J?-B5
Added Pin To Net: NetName=NetJ?_B5 Pin=R?-2
Added Net: Name=NetJ?_B5
Added Pin To Net: NetName=NetP?_1 Pin=P?-1
Added Pin To Net: NetName=NetP?_1 Pin=U?-5
Added Net: Name=NetP?_1
Added Pin To Net: NetName=NetP?_2 Pin=P?-2
Added Pin To Net: NetName=NetP?_2 Pin=U?-7
Added Net: Name=NetP?_2
Added Pin To Net: NetName=NetP?_3 Pin=P?-3
Added Pin To Net: NetName=NetP?_3 Pin=U?-10
Added Net: Name=NetP?_3
Added Pin To Net: NetName=NetP?_4 Pin=P?-4
Added Pin To Net: NetName=NetP?_4 Pin=U?-8
Added Net: Name=NetP?_4
Added Pin To Net: NetName=NetP?_6 Pin=P?-6
Added Pin To Net: NetName=NetP?_6 Pin=U?-46
Added Net: Name=NetP?_6
Added Pin To Net: NetName=NetP?_7 Pin=P?-7
Added Pin To Net: NetName=NetP?_7 Pin=R?-2
Added Pin To Net: NetName=NetP?_7 Pin=U?-45
Added Net: Name=NetP?_7
Added Pin To Net: NetName=NetR?_1 Pin=R?-1
Added Pin To Net: NetName=NetR?_1 Pin=R?-2
Added Net: Name=NetR?_1
Added Pin To Net: NetName=PG Pin=BR?-1
Added Net: Name=PG
Added Pin To Net: NetName=SHDN Pin=BR?-2
Added Net: Name=SHDN
Added Pin To Net: NetName=VIN Pin=BR?-4
Added Pin To Net: NetName=VIN Pin=P?-1
Added Pin To Net: NetName=VIN Pin=P?-2
Added Pin To Net: NetName=VIN Pin=P?-3
Added Pin To Net: NetName=VIN Pin=P?-4
Added Net: Name=VIN
Added Class: Name=Sheet1
