Removed Member From Class: ClassName=Sheet1 Member=P3
Change Component DesignItemId : Designator=P2 Old DesignItemId=Header 3 New DesignItemId=Header 7
Change Component Footprint: Designator=P2 Old Footprint=1X3 MOLEX New Footprint=1X7 RIGHT
Change Component Comment : Designator=P2 Old Comment=Micro-Switch New Comment=Motor and Microswitch
Added Component: Designator=R?(0402)
Added Pin To Net: NetName=+3.3 Pin=P2-5
Added Pin To Net: NetName=GND Pin=P2-7
Added Pin To Net: NetName=GND Pin=R?-2
Added Pin To Net: NetName=NetP2_1 Pin=P2-1
Added Pin To Net: NetName=NetP2_1 Pin=U3-5
Added Net: Name=NetP2_1
Added Pin To Net: NetName=NetP2_2 Pin=P2-2
Added Pin To Net: NetName=NetP2_2 Pin=U3-7
Added Net: Name=NetP2_2
Added Pin To Net: NetName=NetP2_3 Pin=P2-3
Added Pin To Net: NetName=NetP2_3 Pin=U3-10
Added Net: Name=NetP2_3
Added Pin To Net: NetName=NetP2_4 Pin=P2-4
Added Pin To Net: NetName=NetP2_4 Pin=U3-8
Added Net: Name=NetP2_4
Added Pin To Net: NetName=NetP2_6 Pin=P2-6
Added Pin To Net: NetName=NetP2_6 Pin=R?-1
Added Net: Name=NetP2_6
Added Member To Class: ClassName=Sheet1 Member=Component R? Res3
